{
  label: 'MAIN',
  message: 'Listening on port 3000',
  level: 'debug',
  timestamp: '2020-11-22T14:00:00.919Z',
  ms: '+0ms'
}
{
  label: 'MAIN',
  message: 'Listening on port 3000',
  level: 'debug',
  timestamp: '2020-11-22T14:00:10.654Z',
  ms: '+0ms'
}
{
  label: 'MAIN',
  message: 'Listening on port 3000',
  level: 'debug',
  timestamp: '2020-11-22T14:00:28.444Z',
  ms: '+0ms'
}
{
  label: 'REQUEST',
  message: '\x1B[0mGET / \x1B[31m500\x1B[0m 3.441 ms - 36\x1B[0m\n',
  level: 'debug',
  timestamp: '2020-11-22T14:00:32.200Z',
  ms: '+4s'
}
{
  label: 'MAIN',
  message: 'Listening on port 3000',
  level: 'debug',
  timestamp: '2020-11-22T14:00:44.808Z',
  ms: '+0ms'
}
{
  label: 'REQUEST',
  message: '\x1B[0mGET / \x1B[31m500\x1B[0m 3.498 ms - 78\x1B[0m\n',
  level: 'debug',
  timestamp: '2020-11-22T14:00:45.410Z',
  ms: '+602ms'
}
{
  label: 'MAIN',
  message: 'Listening on port 3000',
  level: 'debug',
  timestamp: '2020-11-22T14:01:26.207Z',
  ms: '+0ms'
}
{
  label: 'MAIN',
  message: 'Listening on port 3000',
  level: 'debug',
  timestamp: '2020-11-22T14:01:42.726Z',
  ms: '+0ms'
}
{
  label: 'REQUEST',
  message: '\x1B[0mGET / \x1B[32m200\x1B[0m 7.897 ms - 720\x1B[0m\n',
  level: 'debug',
  timestamp: '2020-11-22T14:01:44.953Z',
  ms: '+2s'
}
{
  label: 'MAIN',
  message: 'Listening on port 3000',
  level: 'debug',
  timestamp: '2020-11-22T14:02:00.328Z',
  ms: '+0ms'
}
{
  label: 'MAIN',
  message: 'Listening on port 3000',
  level: 'debug',
  timestamp: '2020-11-22T14:02:11.810Z',
  ms: '+0ms'
}
{
  label: 'REQUEST',
  message: '\x1B[0mGET / \x1B[36m304\x1B[0m 7.895 ms - -\x1B[0m\n',
  level: 'debug',
  timestamp: '2020-11-22T14:02:12.487Z',
  ms: '+677ms'
}
{
  label: 'REQUEST',
  message: '\x1B[0mGET / \x1B[36m304\x1B[0m 2.385 ms - -\x1B[0m\n',
  level: 'debug',
  timestamp: '2020-11-22T14:02:33.579Z',
  ms: '+21s'
}
{
  label: 'MAIN',
  message: 'Listening on port 3000',
  level: 'debug',
  timestamp: '2020-11-22T14:02:36.884Z',
  ms: '+0ms'
}
{
  label: 'REQUEST',
  message: '\x1B[0mGET / \x1B[36m304\x1B[0m 7.777 ms - -\x1B[0m\n',
  level: 'debug',
  timestamp: '2020-11-22T14:02:38.063Z',
  ms: '+1s'
}
{
  label: 'MAIN',
  message: 'Listening on port 3000',
  level: 'debug',
  timestamp: '2020-11-22T14:03:09.148Z',
  ms: '+0ms'
}
{
  label: 'REQUEST',
  message: '\x1B[0mGET / \x1B[36m304\x1B[0m 8.595 ms - -\x1B[0m\n',
  level: 'debug',
  timestamp: '2020-11-22T14:03:13.710Z',
  ms: '+5s'
}
{
  label: 'MAIN',
  message: 'Listening on port 3000',
  level: 'debug',
  timestamp: '2020-11-22T14:03:52.995Z',
  ms: '+0ms'
}
{
  label: 'MAIN',
  message: 'Listening on port 3000',
  level: 'debug',
  timestamp: '2020-11-22T14:03:53.473Z',
  ms: '+0ms'
}
{
  label: 'REQUEST',
  message: '\x1B[0mGET / \x1B[36m304\x1B[0m 7.808 ms - -\x1B[0m\n',
  level: 'debug',
  timestamp: '2020-11-22T14:03:57.913Z',
  ms: '+4s'
}
{
  label: 'REQUEST',
  message: '\x1B[0mGET / \x1B[36m304\x1B[0m 2.285 ms - -\x1B[0m\n',
  level: 'debug',
  timestamp: '2020-11-22T14:04:10.650Z',
  ms: '+13s'
}
{
  label: 'MAIN',
  message: 'Listening on port 3000',
  level: 'debug',
  timestamp: '2020-11-22T14:04:30.305Z',
  ms: '+0ms'
}
{
  label: 'REQUEST',
  message: '\x1B[0mGET / \x1B[36m304\x1B[0m 7.762 ms - -\x1B[0m\n',
  level: 'debug',
  timestamp: '2020-11-22T14:04:31.846Z',
  ms: '+2s'
}
{
  label: 'MAIN',
  message: 'Listening on port 3000',
  level: 'debug',
  timestamp: '2020-11-22T14:04:38.604Z',
  ms: '+0ms'
}
{
  label: 'REQUEST',
  message: '\x1B[0mGET / \x1B[36m304\x1B[0m 7.800 ms - -\x1B[0m\n',
  level: 'debug',
  timestamp: '2020-11-22T14:04:39.485Z',
  ms: '+881ms'
}
{
  label: 'MAIN',
  message: 'Listening on port 3000',
  level: 'debug',
  timestamp: '2020-11-22T14:04:46.142Z',
  ms: '+0ms'
}
{
  label: 'REQUEST',
  message: '\x1B[0mGET / \x1B[36m304\x1B[0m 7.738 ms - -\x1B[0m\n',
  level: 'debug',
  timestamp: '2020-11-22T14:04:46.937Z',
  ms: '+795ms'
}
{
  label: 'MAIN',
  message: 'Listening on port 3000',
  level: 'debug',
  timestamp: '2020-11-22T14:04:59.729Z',
  ms: '+0ms'
}
{
  label: 'REQUEST',
  message: '\x1B[0mGET / \x1B[36m304\x1B[0m 7.581 ms - -\x1B[0m\n',
  level: 'debug',
  timestamp: '2020-11-22T14:05:01.424Z',
  ms: '+2s'
}
{
  label: 'MAIN',
  message: 'Listening on port 3000',
  level: 'debug',
  timestamp: '2020-11-22T14:05:28.600Z',
  ms: '+0ms'
}
{
  label: 'REQUEST',
  message: '\x1B[0mGET / \x1B[36m304\x1B[0m 7.072 ms - -\x1B[0m\n',
  level: 'debug',
  timestamp: '2020-11-22T14:05:30.554Z',
  ms: '+2s'
}
{
  label: 'MAIN',
  message: 'Listening on port 3000',
  level: 'debug',
  timestamp: '2020-11-22T14:06:02.025Z',
  ms: '+0ms'
}
{
  label: 'REQUEST',
  message: '\x1B[0mGET / \x1B[36m304\x1B[0m 7.352 ms - -\x1B[0m\n',
  level: 'debug',
  timestamp: '2020-11-22T14:06:04.624Z',
  ms: '+3s'
}
{
  label: 'MAIN',
  message: 'Listening on port 3000',
  level: 'debug',
  timestamp: '2020-11-22T14:07:06.207Z',
  ms: '+0ms'
}
{
  label: 'MAIN',
  message: 'Listening on port 3000',
  level: 'debug',
  timestamp: '2020-11-22T14:07:24.308Z',
  ms: '+0ms'
}
{
  label: 'REQUEST',
  message: '\x1B[0mGET / \x1B[31m500\x1B[0m 4.046 ms - 75\x1B[0m\n',
  level: 'debug',
  timestamp: '2020-11-22T14:07:26.891Z',
  ms: '+3s'
}
{
  label: 'MAIN',
  message: 'Listening on port 3000',
  level: 'debug',
  timestamp: '2020-11-22T14:09:27.647Z',
  ms: '+0ms'
}
{
  label: 'REQUEST',
  message: '\x1B[0mGET / \x1B[31m500\x1B[0m 4.212 ms - 75\x1B[0m\n',
  level: 'debug',
  timestamp: '2020-11-22T14:09:45.316Z',
  ms: '+18s'
}
{
  label: 'REQUEST',
  message: '\x1B[0mGET / \x1B[31m500\x1B[0m 0.671 ms - 75\x1B[0m\n',
  level: 'debug',
  timestamp: '2020-11-22T14:09:52.310Z',
  ms: '+7s'
}
{
  label: 'REQUEST',
  message: '\x1B[0mGET / \x1B[31m500\x1B[0m 0.834 ms - 75\x1B[0m\n',
  level: 'debug',
  timestamp: '2020-11-22T14:09:52.581Z',
  ms: '+271ms'
}
{
  label: 'REQUEST',
  message: '\x1B[0mGET / \x1B[31m500\x1B[0m 0.448 ms - 75\x1B[0m\n',
  level: 'debug',
  timestamp: '2020-11-22T14:09:52.768Z',
  ms: '+187ms'
}
{
  label: 'MAIN',
  message: 'Listening on port 3000',
  level: 'debug',
  timestamp: '2020-11-22T14:10:01.573Z',
  ms: '+0ms'
}
{
  label: 'REQUEST',
  message: '\x1B[0mGET / \x1B[31m500\x1B[0m 4.099 ms - 53\x1B[0m\n',
  level: 'debug',
  timestamp: '2020-11-22T14:10:02.938Z',
  ms: '+1s'
}
{
  label: 'REQUEST',
  message: '\x1B[0mGET / \x1B[31m500\x1B[0m 0.700 ms - 53\x1B[0m\n',
  level: 'debug',
  timestamp: '2020-11-22T14:10:03.655Z',
  ms: '+717ms'
}
{
  label: 'REQUEST',
  message: '\x1B[0mGET / \x1B[31m500\x1B[0m 0.631 ms - 53\x1B[0m\n',
  level: 'debug',
  timestamp: '2020-11-22T14:10:03.868Z',
  ms: '+213ms'
}
{
  label: 'MAIN',
  message: 'Listening on port 3000',
  level: 'debug',
  timestamp: '2020-11-22T14:10:08.601Z',
  ms: '+0ms'
}
{
  label: 'REQUEST',
  message: '\x1B[0mGET / \x1B[32m200\x1B[0m 7.470 ms - 720\x1B[0m\n',
  level: 'debug',
  timestamp: '2020-11-22T14:10:10.287Z',
  ms: '+2s'
}
{
  label: 'MAIN',
  message: 'Listening on port 3000',
  level: 'debug',
  timestamp: '2020-11-22T14:10:46.909Z',
  ms: '+0ms'
}
{
  label: 'REQUEST',
  message: '\x1B[0mGET / \x1B[31m500\x1B[0m 4.460 ms - 69\x1B[0m\n',
  level: 'debug',
  timestamp: '2020-11-22T14:10:50.382Z',
  ms: '+3s'
}
{
  label: 'MAIN',
  message: 'Listening on port 3000',
  level: 'debug',
  timestamp: '2020-11-22T14:10:54.593Z',
  ms: '+0ms'
}
{
  label: 'REQUEST',
  message: '\x1B[0mGET / \x1B[32m200\x1B[0m 7.967 ms - 720\x1B[0m\n',
  level: 'debug',
  timestamp: '2020-11-22T14:10:55.507Z',
  ms: '+914ms'
}
{
  label: 'MAIN',
  message: 'Listening on port 3000',
  level: 'debug',
  timestamp: '2020-11-22T14:13:21.947Z',
  ms: '+0ms'
}
{
  label: 'REQUEST',
  message: '\x1B[0mGET / \x1B[31m500\x1B[0m 4.144 ms - 53\x1B[0m\n',
  level: 'debug',
  timestamp: '2020-11-22T14:13:47.405Z',
  ms: '+25s'
}
{
  label: 'MAIN',
  message: 'Listening on port 3000',
  level: 'debug',
  timestamp: '2020-11-22T14:18:47.292Z',
  ms: '+0ms'
}
{
  label: 'REQUEST',
  message: '\x1B[0mGET / \x1B[32m200\x1B[0m 9.350 ms - 720\x1B[0m\n',
  level: 'debug',
  timestamp: '2020-11-22T14:18:52.734Z',
  ms: '+5s'
}
{
  label: 'MAIN',
  message: 'Listening on port 3000',
  level: 'debug',
  timestamp: '2020-11-22T14:19:51.482Z',
  ms: '+0ms'
}
{
  label: 'REQUEST',
  message: '\x1B[0mGET / \x1B[32m200\x1B[0m 17.931 ms - 804\x1B[0m\n',
  level: 'debug',
  timestamp: '2020-11-22T14:21:02.901Z',
  ms: '+1m'
}
{
  label: 'MAIN',
  message: 'Listening on port 3000',
  level: 'debug',
  timestamp: '2020-11-22T14:23:27.353Z',
  ms: '+0ms'
}
{
  label: 'REQUEST',
  message: '\x1B[0mGET / \x1B[32m200\x1B[0m 9.731 ms - 820\x1B[0m\n',
  level: 'debug',
  timestamp: '2020-11-22T14:23:32.938Z',
  ms: '+6s'
}
{
  label: 'MAIN',
  message: 'Listening on port 3000',
  level: 'debug',
  timestamp: '2020-11-22T14:24:37.275Z',
  ms: '+0ms'
}
{
  label: 'MAIN',
  message: 'Listening on port 3000',
  level: 'debug',
  timestamp: '2020-11-22T14:24:45.951Z',
  ms: '+0ms'
}
{
  label: 'REQUEST',
  message: '\x1B[0mGET / \x1B[32m200\x1B[0m 10.899 ms - 804\x1B[0m\n',
  level: 'debug',
  timestamp: '2020-11-22T14:24:49.912Z',
  ms: '+4s'
}
{
  label: 'REQUEST',
  message: '\x1B[0mGET / \x1B[32m200\x1B[0m 11.636 ms - 964\x1B[0m\n',
  level: 'debug',
  timestamp: '2020-11-22T14:25:24.374Z',
  ms: '+34s'
}
{
  label: 'REQUEST',
  message: '\x1B[0mGET / \x1B[32m200\x1B[0m 2.862 ms - 1129\x1B[0m\n',
  level: 'debug',
  timestamp: '2020-11-22T14:26:31.159Z',
  ms: '+1m'
}
{
  label: 'REQUEST',
  message: '\x1B[0mGET / \x1B[32m200\x1B[0m 9.842 ms - 1564\x1B[0m\n',
  level: 'debug',
  timestamp: '2020-11-22T14:26:45.164Z',
  ms: '+14s'
}
{
  label: 'REQUEST',
  message: '\x1B[0mGET / \x1B[32m200\x1B[0m 2.092 ms - 1774\x1B[0m\n',
  level: 'debug',
  timestamp: '2020-11-22T14:27:23.122Z',
  ms: '+38s'
}
{
  label: 'REQUEST',
  message: '\x1B[0mGET / \x1B[32m200\x1B[0m 2.992 ms - 1984\x1B[0m\n',
  level: 'debug',
  timestamp: '2020-11-22T14:27:23.599Z',
  ms: '+477ms'
}
{
  label: 'REQUEST',
  message: '\x1B[0mGET / \x1B[32m200\x1B[0m 2.456 ms - 7150\x1B[0m\n',
  level: 'debug',
  timestamp: '2020-11-22T14:28:56.722Z',
  ms: '+2m'
}
{
  label: 'REQUEST',
  message: '\x1B[0mGET / \x1B[32m200\x1B[0m 9.406 ms - 6268\x1B[0m\n',
  level: 'debug',
  timestamp: '2020-11-22T14:29:07.539Z',
  ms: '+11s'
}
